# JRE version: Java(TM) SE Runtime Environment (8.0_92-b14) (build 1.8.0_92-b14)
# Java VM: Java HotSpot(TM) Client VM (25.92-b14 mixed mode windows-x86 )
Heap:
 def new generation   total 39424K, used 20188K [0x05600000, 0x080c0000, 0x100a0000)
  eden space 35072K,  57% used [0x05600000, 0x0699d1e8, 0x07840000)
  from space 4352K,   2% used [0x07c80000, 0x07c99f68, 0x080c0000)
  to   space 4352K,   0% used [0x07840000, 0x07840000, 0x07c80000)
 tenured generation   total 87424K, used 38293K [0x100a0000, 0x15600000, 0x25600000)
   the space 87424K,  43% used [0x100a0000, 0x12605498, 0x12605600, 0x15600000)
 Metaspace       used 18714K, capacity 19151K, committed 19200K, reserved 19840K
GC Heap History (10 events):
Event: 13904.299 GC heap before
{Heap before GC invocations=58 (full 1):
 def new generation   total 39424K, used 35381K [0x05600000, 0x080c0000, 0x100a0000)
  eden space 35072K, 100% used [0x05600000, 0x07840000, 0x07840000)
  from space 4352K,   7% used [0x07840000, 0x0788d658, 0x07c80000)
  to   space 4352K,   0% used [0x07c80000, 0x07c80000, 0x080c0000)
 tenured generation   total 87424K, used 38079K [0x100a0000, 0x15600000, 0x25600000)
   the space 87424K,  43% used [0x100a0000, 0x125cff80, 0x125d0000, 0x15600000)
 Metaspace       used 18714K, capacity 19151K, committed 19200K, reserved 19840K
Event: 13904.303 GC heap after
Heap after GC invocations=59 (full 1):
 def new generation   total 39424K, used 311K [0x05600000, 0x080c0000, 0x100a0000)
  eden space 35072K,   0% used [0x05600000, 0x05600000, 0x07840000)
  from space 4352K,   7% used [0x07c80000, 0x07ccdd60, 0x080c0000)
  to   space 4352K,   0% used [0x07840000, 0x07840000, 0x07c80000)
 tenured generation   total 87424K, used 38079K [0x100a0000, 0x15600000, 0x25600000)
   the space 87424K,  43% used [0x100a0000, 0x125cff80, 0x125d0000, 0x15600000)
 Metaspace       used 18714K, capacity 19151K, committed 19200K, reserved 19840K
}
Event: 14659.191 GC heap before
{Heap before GC invocations=59 (full 1):
 def new generation   total 39424K, used 35383K [0x05600000, 0x080c0000, 0x100a0000)
  eden space 35072K, 100% used [0x05600000, 0x07840000, 0x07840000)
  from space 4352K,   7% used [0x07c80000, 0x07ccdd60, 0x080c0000)
  to   space 4352K,   0% used [0x07840000, 0x07840000, 0x07c80000)
 tenured generation   total 87424K, used 38079K [0x100a0000, 0x15600000, 0x25600000)
   the space 87424K,  43% used [0x100a0000, 0x125cff80, 0x125d0000, 0x15600000)
 Metaspace       used 18714K, capacity 19151K, committed 19200K, reserved 19840K
Event: 14659.194 GC heap after
Heap after GC invocations=60 (full 1):
 def new generation   total 39424K, used 309K [0x05600000, 0x080c0000, 0x100a0000)
  eden space 35072K,   0% used [0x05600000, 0x05600000, 0x07840000)
  from space 4352K,   7% used [0x07840000, 0x0788d6f0, 0x07c80000)
  to   space 4352K,   0% used [0x07c80000, 0x07c80000, 0x080c0000)
 tenured generation   total 87424K, used 38079K [0x100a0000, 0x15600000, 0x25600000)
   the space 87424K,  43% used [0x100a0000, 0x125cff80, 0x125d0000, 0x15600000)
 Metaspace       used 18714K, capacity 19151K, committed 19200K, reserved 19840K
}
Event: 15418.036 GC heap before
{Heap before GC invocations=60 (full 1):
 def new generation   total 39424K, used 35381K [0x05600000, 0x080c0000, 0x100a0000)
  eden space 35072K, 100% used [0x05600000, 0x07840000, 0x07840000)
  from space 4352K,   7% used [0x07840000, 0x0788d6f0, 0x07c80000)
  to   space 4352K,   0% used [0x07c80000, 0x07c80000, 0x080c0000)
 tenured generation   total 87424K, used 38079K [0x100a0000, 0x15600000, 0x25600000)
   the space 87424K,  43% used [0x100a0000, 0x125cff80, 0x125d0000, 0x15600000)
 Metaspace       used 18714K, capacity 19151K, committed 19200K, reserved 19840K
Event: 15418.038 GC heap after
Heap after GC invocations=61 (full 1):
 def new generation   total 39424K, used 278K [0x05600000, 0x080c0000, 0x100a0000)
  eden space 35072K,   0% used [0x05600000, 0x05600000, 0x07840000)
  from space 4352K,   6% used [0x07c80000, 0x07cc59a0, 0x080c0000)
  to   space 4352K,   0% used [0x07840000, 0x07840000, 0x07c80000)
 tenured generation   total 87424K, used 38114K [0x100a0000, 0x15600000, 0x25600000)
   the space 87424K,  43% used [0x100a0000, 0x125d8860, 0x125d8a00, 0x15600000)
 Metaspace       used 18714K, capacity 19151K, committed 19200K, reserved 19840K
}
Event: 16291.126 GC heap before
{Heap before GC invocations=61 (full 1):
 def new generation   total 39424K, used 35350K [0x05600000, 0x080c0000, 0x100a0000)
  eden space 35072K, 100% used [0x05600000, 0x07840000, 0x07840000)
  from space 4352K,   6% used [0x07c80000, 0x07cc59a0, 0x080c0000)
  to   space 4352K,   0% used [0x07840000, 0x07840000, 0x07c80000)
 tenured generation   total 87424K, used 38114K [0x100a0000, 0x15600000, 0x25600000)
   the space 87424K,  43% used [0x100a0000, 0x125d8860, 0x125d8a00, 0x15600000)
 Metaspace       used 18714K, capacity 19151K, committed 19200K, reserved 19840K
Event: 16291.128 GC heap after
Heap after GC invocations=62 (full 1):
 def new generation   total 39424K, used 267K [0x05600000, 0x080c0000, 0x100a0000)
  eden space 35072K,   0% used [0x05600000, 0x05600000, 0x07840000)
  from space 4352K,   6% used [0x07840000, 0x07882f08, 0x07c80000)
  to   space 4352K,   0% used [0x07c80000, 0x07c80000, 0x080c0000)
 tenured generation   total 87424K, used 38123K [0x100a0000, 0x15600000, 0x25600000)
   the space 87424K,  43% used [0x100a0000, 0x125daf70, 0x125db000, 0x15600000)
 Metaspace       used 18714K, capacity 19151K, committed 19200K, reserved 19840K
}
Event: 17176.315 GC heap before
{Heap before GC invocations=62 (full 1):
 def new generation   total 39424K, used 35339K [0x05600000, 0x080c0000, 0x100a0000)
  eden space 35072K, 100% used [0x05600000, 0x07840000, 0x07840000)
  from space 4352K,   6% used [0x07840000, 0x07882f08, 0x07c80000)
  to   space 4352K,   0% used [0x07c80000, 0x07c80000, 0x080c0000)
 tenured generation   total 87424K, used 38123K [0x100a0000, 0x15600000, 0x25600000)
   the space 87424K,  43% used [0x100a0000, 0x125daf70, 0x125db000, 0x15600000)
 Metaspace       used 18714K, capacity 19151K, committed 19200K, reserved 19840K
Event: 17176.318 GC heap after
Heap after GC invocations=63 (full 1):
 def new generation   total 39424K, used 103K [0x05600000, 0x080c0000, 0x100a0000)
  eden space 35072K,   0% used [0x05600000, 0x05600000, 0x07840000)
  from space 4352K,   2% used [0x07c80000, 0x07c99f68, 0x080c0000)
  to   space 4352K,   0% used [0x07840000, 0x07840000, 0x07c80000)
 tenured generation   total 87424K, used 38293K [0x100a0000, 0x15600000, 0x25600000)
   the space 87424K,  43% used [0x100a0000, 0x12605498, 0x12605600, 0x15600000)
 Metaspace       used 18714K, capacity 19151K, committed 19200K, reserved 19840K
}

